0 info it worked if it ends with ok
1 verbose cli [ 'node', '/usr/local/bin/npm', 'install', '-g', 'yo' ]
2 info using npm@1.2.32
3 info using node@v0.10.12
4 verbose read json /usr/local/lib/package.json
5 verbose read json /usr/local/lib/package.json
6 verbose cache add [ 'yo', null ]
7 verbose cache add name=undefined spec="yo" args=["yo",null]
8 verbose parsed url { protocol: null,
8 verbose parsed url   slashes: null,
8 verbose parsed url   auth: null,
8 verbose parsed url   host: null,
8 verbose parsed url   port: null,
8 verbose parsed url   hostname: null,
8 verbose parsed url   hash: null,
8 verbose parsed url   search: null,
8 verbose parsed url   query: null,
8 verbose parsed url   pathname: 'yo',
8 verbose parsed url   path: 'yo',
8 verbose parsed url   href: 'yo' }
9 silly lockFile c41975d1-yo yo
10 verbose lock yo /Users/isaacwhite/.npm/c41975d1-yo.lock
11 silly lockFile c41975d1-yo yo
12 silly lockFile c41975d1-yo yo
13 verbose addNamed [ 'yo', '' ]
14 verbose addNamed [ null, '' ]
15 silly lockFile d937c28e-yo yo@
16 verbose lock yo@ /Users/isaacwhite/.npm/d937c28e-yo.lock
17 silly addNameRange { name: 'yo', range: '', hasData: false }
18 verbose url raw yo
19 verbose url resolving [ 'https://registry.npmjs.org/', './yo' ]
20 verbose url resolved https://registry.npmjs.org/yo
21 info trying registry request attempt 1 at 12:26:04
22 http GET https://registry.npmjs.org/yo
23 http 200 https://registry.npmjs.org/yo
24 silly registry.get cb [ 200,
24 silly registry.get   { vary: 'Accept',
24 silly registry.get     server: 'CouchDB/1.3.1 (Erlang OTP/R15B03)',
24 silly registry.get     etag: '"3WKWCUTYZXWA6525LZPHR3FX2"',
24 silly registry.get     date: 'Fri, 30 Aug 2013 16:26:06 GMT',
24 silly registry.get     'content-type': 'application/json',
24 silly registry.get     'content-length': '50128' } ]
25 silly addNameRange number 2 { name: 'yo', range: '', hasData: true }
26 silly addNameRange versions [ 'yo',
26 silly addNameRange   [ '1.0.0-beta.1',
26 silly addNameRange     '1.0.0-beta.2',
26 silly addNameRange     '1.0.0-beta.3',
26 silly addNameRange     '1.0.0-beta.4',
26 silly addNameRange     '1.0.0-beta.5',
26 silly addNameRange     '1.0.0-beta.6',
26 silly addNameRange     '1.0.0-beta.7',
26 silly addNameRange     '1.0.0-rc.1',
26 silly addNameRange     '1.0.0-rc.1.1',
26 silly addNameRange     '1.0.0-rc.1.2',
26 silly addNameRange     '1.0.0-rc.1.3',
26 silly addNameRange     '1.0.0-rc.1.4',
26 silly addNameRange     '1.0.0',
26 silly addNameRange     '1.0.1',
26 silly addNameRange     '1.0.2',
26 silly addNameRange     '1.0.3',
26 silly addNameRange     '1.0.4' ] ]
27 verbose addNamed [ 'yo', '1.0.4' ]
28 verbose addNamed [ '1.0.4', '1.0.4' ]
29 silly lockFile e8e4e143-yo-1-0-4 yo@1.0.4
30 verbose lock yo@1.0.4 /Users/isaacwhite/.npm/e8e4e143-yo-1-0-4.lock
31 silly lockFile fb7396e5-gistry-npmjs-org-yo-yo-1-0-4-tgz https://registry.npmjs.org/yo/-/yo-1.0.4.tgz
32 verbose lock https://registry.npmjs.org/yo/-/yo-1.0.4.tgz /Users/isaacwhite/.npm/fb7396e5-gistry-npmjs-org-yo-yo-1-0-4-tgz.lock
33 verbose addRemoteTarball [ 'https://registry.npmjs.org/yo/-/yo-1.0.4.tgz',
33 verbose addRemoteTarball   '666b5965a8e920df877d351da793f89bd1c8707a' ]
34 info retry fetch attempt 1 at 12:26:05
35 verbose fetch to= /var/folders/bv/30ryswq51_l_6q52bsy77ck00000gp/T/npm-36759/1377879965927-0.376888430910185/tmp.tgz
36 http GET https://registry.npmjs.org/yo/-/yo-1.0.4.tgz
37 http 200 https://registry.npmjs.org/yo/-/yo-1.0.4.tgz
38 verbose tar unpack /var/folders/bv/30ryswq51_l_6q52bsy77ck00000gp/T/npm-36759/1377879965927-0.376888430910185/tmp.tgz
39 silly lockFile caf5148c-965927-0-376888430910185-package tar:///var/folders/bv/30ryswq51_l_6q52bsy77ck00000gp/T/npm-36759/1377879965927-0.376888430910185/package
40 verbose lock tar:///var/folders/bv/30ryswq51_l_6q52bsy77ck00000gp/T/npm-36759/1377879965927-0.376888430910185/package /Users/isaacwhite/.npm/caf5148c-965927-0-376888430910185-package.lock
41 silly lockFile 57fb3c92-965927-0-376888430910185-tmp-tgz tar:///var/folders/bv/30ryswq51_l_6q52bsy77ck00000gp/T/npm-36759/1377879965927-0.376888430910185/tmp.tgz
42 verbose lock tar:///var/folders/bv/30ryswq51_l_6q52bsy77ck00000gp/T/npm-36759/1377879965927-0.376888430910185/tmp.tgz /Users/isaacwhite/.npm/57fb3c92-965927-0-376888430910185-tmp-tgz.lock
43 silly gunzTarPerm modes [ '755', '644' ]
44 silly gunzTarPerm extractEntry package.json
45 silly gunzTarPerm extractEntry bin/yoyo.js
46 silly gunzTarPerm extractEntry bin/help.txt
47 silly gunzTarPerm extractEntry bin/yo
48 silly gunzTarPerm extractEntry readme.md
49 verbose read json /var/folders/bv/30ryswq51_l_6q52bsy77ck00000gp/T/npm-36759/1377879965927-0.376888430910185/package/package.json
50 silly lockFile caf5148c-965927-0-376888430910185-package tar:///var/folders/bv/30ryswq51_l_6q52bsy77ck00000gp/T/npm-36759/1377879965927-0.376888430910185/package
51 silly lockFile caf5148c-965927-0-376888430910185-package tar:///var/folders/bv/30ryswq51_l_6q52bsy77ck00000gp/T/npm-36759/1377879965927-0.376888430910185/package
52 silly lockFile 57fb3c92-965927-0-376888430910185-tmp-tgz tar:///var/folders/bv/30ryswq51_l_6q52bsy77ck00000gp/T/npm-36759/1377879965927-0.376888430910185/tmp.tgz
53 silly lockFile 57fb3c92-965927-0-376888430910185-tmp-tgz tar:///var/folders/bv/30ryswq51_l_6q52bsy77ck00000gp/T/npm-36759/1377879965927-0.376888430910185/tmp.tgz
54 verbose from cache /var/folders/bv/30ryswq51_l_6q52bsy77ck00000gp/T/npm-36759/1377879965927-0.376888430910185/package/package.json
55 verbose tar pack [ '/Users/isaacwhite/.npm/yo/1.0.4/package.tgz',
55 verbose tar pack   '/var/folders/bv/30ryswq51_l_6q52bsy77ck00000gp/T/npm-36759/1377879965927-0.376888430910185/package' ]
56 verbose tarball /Users/isaacwhite/.npm/yo/1.0.4/package.tgz
57 verbose folder /var/folders/bv/30ryswq51_l_6q52bsy77ck00000gp/T/npm-36759/1377879965927-0.376888430910185/package
58 silly lockFile caf5148c-965927-0-376888430910185-package tar:///var/folders/bv/30ryswq51_l_6q52bsy77ck00000gp/T/npm-36759/1377879965927-0.376888430910185/package
59 verbose lock tar:///var/folders/bv/30ryswq51_l_6q52bsy77ck00000gp/T/npm-36759/1377879965927-0.376888430910185/package /Users/isaacwhite/.npm/caf5148c-965927-0-376888430910185-package.lock
60 silly lockFile dcbdcb7c-acwhite-npm-yo-1-0-4-package-tgz tar:///Users/isaacwhite/.npm/yo/1.0.4/package.tgz
61 verbose lock tar:///Users/isaacwhite/.npm/yo/1.0.4/package.tgz /Users/isaacwhite/.npm/dcbdcb7c-acwhite-npm-yo-1-0-4-package-tgz.lock
62 silly lockFile caf5148c-965927-0-376888430910185-package tar:///var/folders/bv/30ryswq51_l_6q52bsy77ck00000gp/T/npm-36759/1377879965927-0.376888430910185/package
63 silly lockFile caf5148c-965927-0-376888430910185-package tar:///var/folders/bv/30ryswq51_l_6q52bsy77ck00000gp/T/npm-36759/1377879965927-0.376888430910185/package
64 silly lockFile dcbdcb7c-acwhite-npm-yo-1-0-4-package-tgz tar:///Users/isaacwhite/.npm/yo/1.0.4/package.tgz
65 silly lockFile dcbdcb7c-acwhite-npm-yo-1-0-4-package-tgz tar:///Users/isaacwhite/.npm/yo/1.0.4/package.tgz
66 silly lockFile 9e396042--isaacwhite-npm-yo-1-0-4-package /Users/isaacwhite/.npm/yo/1.0.4/package
67 verbose lock /Users/isaacwhite/.npm/yo/1.0.4/package /Users/isaacwhite/.npm/9e396042--isaacwhite-npm-yo-1-0-4-package.lock
68 silly lockFile 9e396042--isaacwhite-npm-yo-1-0-4-package /Users/isaacwhite/.npm/yo/1.0.4/package
69 silly lockFile 9e396042--isaacwhite-npm-yo-1-0-4-package /Users/isaacwhite/.npm/yo/1.0.4/package
70 verbose tar unpack /Users/isaacwhite/.npm/yo/1.0.4/package.tgz
71 silly lockFile c1bb0423--isaacwhite-npm-yo-1-0-4-package tar:///Users/isaacwhite/.npm/yo/1.0.4/package
72 verbose lock tar:///Users/isaacwhite/.npm/yo/1.0.4/package /Users/isaacwhite/.npm/c1bb0423--isaacwhite-npm-yo-1-0-4-package.lock
73 silly lockFile dcbdcb7c-acwhite-npm-yo-1-0-4-package-tgz tar:///Users/isaacwhite/.npm/yo/1.0.4/package.tgz
74 verbose lock tar:///Users/isaacwhite/.npm/yo/1.0.4/package.tgz /Users/isaacwhite/.npm/dcbdcb7c-acwhite-npm-yo-1-0-4-package-tgz.lock
75 silly gunzTarPerm modes [ '755', '644' ]
76 silly gunzTarPerm extractEntry package.json
77 silly gunzTarPerm extractEntry bin/yoyo.js
78 silly gunzTarPerm extractEntry bin/help.txt
79 silly gunzTarPerm extractEntry bin/yo
80 silly gunzTarPerm extractEntry readme.md
81 verbose read json /Users/isaacwhite/.npm/yo/1.0.4/package/package.json
82 silly lockFile c1bb0423--isaacwhite-npm-yo-1-0-4-package tar:///Users/isaacwhite/.npm/yo/1.0.4/package
83 silly lockFile c1bb0423--isaacwhite-npm-yo-1-0-4-package tar:///Users/isaacwhite/.npm/yo/1.0.4/package
84 silly lockFile dcbdcb7c-acwhite-npm-yo-1-0-4-package-tgz tar:///Users/isaacwhite/.npm/yo/1.0.4/package.tgz
85 silly lockFile dcbdcb7c-acwhite-npm-yo-1-0-4-package-tgz tar:///Users/isaacwhite/.npm/yo/1.0.4/package.tgz
86 verbose from cache /Users/isaacwhite/.npm/yo/1.0.4/package/package.json
87 verbose chmod /Users/isaacwhite/.npm/yo/1.0.4/package.tgz 644
88 verbose chown /Users/isaacwhite/.npm/yo/1.0.4/package.tgz [ 502, 20 ]
89 silly lockFile fb7396e5-gistry-npmjs-org-yo-yo-1-0-4-tgz https://registry.npmjs.org/yo/-/yo-1.0.4.tgz
90 silly lockFile fb7396e5-gistry-npmjs-org-yo-yo-1-0-4-tgz https://registry.npmjs.org/yo/-/yo-1.0.4.tgz
91 silly lockFile e8e4e143-yo-1-0-4 yo@1.0.4
92 silly lockFile e8e4e143-yo-1-0-4 yo@1.0.4
93 silly lockFile d937c28e-yo yo@
94 silly lockFile d937c28e-yo yo@
95 silly resolved [ { name: 'yo',
95 silly resolved     version: '1.0.4',
95 silly resolved     description: 'CLI tool for scaffolding out Yeoman projects',
95 silly resolved     keywords:
95 silly resolved      [ 'front-end',
95 silly resolved        'development',
95 silly resolved        'dev',
95 silly resolved        'build',
95 silly resolved        'web',
95 silly resolved        'tool',
95 silly resolved        'cli',
95 silly resolved        'scaffold',
95 silly resolved        'stack' ],
95 silly resolved     homepage: 'http://yeoman.io',
95 silly resolved     bugs: { url: 'https://github.com/yeoman/yo/issues' },
95 silly resolved     author: { name: 'Chrome Developer Relations' },
95 silly resolved     bin: { yo: 'bin/yo' },
95 silly resolved     repository: { type: 'git', url: 'git://github.com/yeoman/yo.git' },
95 silly resolved     scripts: { test: 'mocha' },
95 silly resolved     dependencies:
95 silly resolved      { 'yeoman-generator': '~0.13.2',
95 silly resolved        nopt: '~2.1.1',
95 silly resolved        lodash: '~1.3.1',
95 silly resolved        'update-notifier': '~0.1.3',
95 silly resolved        insight: '~0.2.0',
95 silly resolved        'sudo-block': '~0.2.0',
95 silly resolved        async: '~0.2.9',
95 silly resolved        open: '0.0.4',
95 silly resolved        chalk: '~0.2.0' },
95 silly resolved     peerDependencies: { 'grunt-cli': '~0.1.7', bower: '>=0.9.0' },
95 silly resolved     devDependencies:
95 silly resolved      { mocha: '~1.12.0',
95 silly resolved        ronn: '~0.4.0',
95 silly resolved        grunt: '~0.4.1',
95 silly resolved        mockery: '~1.4.0' },
95 silly resolved     engines: { node: '>=0.8.0', npm: '>=1.2.10' },
95 silly resolved     preferGlobal: true,
95 silly resolved     licenses: [ [Object] ],
95 silly resolved     files: [ 'bin' ],
95 silly resolved     readme: '# Yo [![Build Status](https://secure.travis-ci.org/yeoman/yo.png?branch=master)](http://travis-ci.org/yeoman/yo)\n\nCLI tool for scaffolding out [Yeoman](https://github.com/yeoman/yeoman) projects.\n\n\n## [Documentation](https://github.com/yeoman/yeoman/wiki)\n\n\n## Options\n\n- `--no-color` flag to disable colors.\n\n- `--[no-]insight` to toggle anonymous [Insight](https://github.com/yeoman/insight) tracking which helps us improve Yeoman. Using either of these flags on the first run will prevent you from being prompted about it interactively. The flags can also be used to change it later on.\n\n\n## Contribute\n\nSee the [contributing docs](https://github.com/yeoman/yeoman/blob/master/contributing.md).\n\n\n## License\n\n[BSD license](http://opensource.org/licenses/bsd-license.php) and copyright Google.\n',
95 silly resolved     readmeFilename: 'readme.md',
95 silly resolved     _id: 'yo@1.0.4',
95 silly resolved     dist: { shasum: 'a5075edc5788515a762f5d4aee5ebe0b74711aa7' },
95 silly resolved     _from: 'yo@',
95 silly resolved     _resolved: 'https://registry.npmjs.org/yo/-/yo-1.0.4.tgz' } ]
96 info install yo@1.0.4 into /usr/local/lib
97 info installOne yo@1.0.4
98 verbose from cache /Users/isaacwhite/.npm/yo/1.0.4/package/package.json
99 info /usr/local/lib/node_modules/yo unbuild
100 verbose read json /usr/local/lib/node_modules/yo/package.json
101 verbose tar unpack /Users/isaacwhite/.npm/yo/1.0.4/package.tgz
102 silly lockFile 7d7c7bef-ar-usr-local-lib-node-modules-yo tar:///usr/local/lib/node_modules/yo
103 verbose lock tar:///usr/local/lib/node_modules/yo /Users/isaacwhite/.npm/7d7c7bef-ar-usr-local-lib-node-modules-yo.lock
104 silly lockFile dcbdcb7c-acwhite-npm-yo-1-0-4-package-tgz tar:///Users/isaacwhite/.npm/yo/1.0.4/package.tgz
105 verbose lock tar:///Users/isaacwhite/.npm/yo/1.0.4/package.tgz /Users/isaacwhite/.npm/dcbdcb7c-acwhite-npm-yo-1-0-4-package-tgz.lock
106 silly gunzTarPerm modes [ '755', '644' ]
107 error Error: EACCES, mkdir '/usr/local/lib/node_modules/yo'
107 error  { [Error: EACCES, mkdir '/usr/local/lib/node_modules/yo']
107 error   errno: 3,
107 error   code: 'EACCES',
107 error   path: '/usr/local/lib/node_modules/yo',
107 error   fstream_type: 'Directory',
107 error   fstream_path: '/usr/local/lib/node_modules/yo',
107 error   fstream_class: 'DirWriter',
107 error   fstream_stack:
107 error    [ '/usr/local/lib/node_modules/npm/node_modules/fstream/lib/dir-writer.js:36:23',
107 error      '/usr/local/lib/node_modules/npm/node_modules/mkdirp/index.js:37:53',
107 error      'Object.oncomplete (fs.js:107:15)' ] }
108 error Please try running this command again as root/Administrator.
109 error System Darwin 12.4.0
110 error command "node" "/usr/local/bin/npm" "install" "-g" "yo"
111 error cwd /Users/isaacwhite/Sites/acquia-drupal/themes/bartik/templates
112 error node -v v0.10.12
113 error npm -v 1.2.32
114 error path /usr/local/lib/node_modules/yo
115 error fstream_path /usr/local/lib/node_modules/yo
116 error fstream_type Directory
117 error fstream_class DirWriter
118 error code EACCES
119 error errno 3
120 error stack Error: EACCES, mkdir '/usr/local/lib/node_modules/yo'
121 error fstream_stack /usr/local/lib/node_modules/npm/node_modules/fstream/lib/dir-writer.js:36:23
121 error fstream_stack /usr/local/lib/node_modules/npm/node_modules/mkdirp/index.js:37:53
121 error fstream_stack Object.oncomplete (fs.js:107:15)
122 verbose exit [ 3, true ]
